<?xml version="1.0" encoding="UTF-8"?>
<testng-results skipped="0" failed="0" total="3" passed="3">
  <reporter-output>
  </reporter-output>
  <suite name="My Dynamic TestSuite" duration-ms="3451" started-at="2019-10-25T03:41:28Z" finished-at="2019-10-25T03:41:32Z">
    <groups>
    </groups>
    <test name="My Test" duration-ms="3451" started-at="2019-10-25T03:41:28Z" finished-at="2019-10-25T03:41:32Z">
      <class name="com.driver.PinterestTestCase">
        <test-method status="PASS" signature="launchDriver()[pri:0, instance:com.driver.PinterestTestCase@2f490758]" name="launchDriver" is-config="true" duration-ms="5677" started-at="2019-10-25T09:11:23Z" finished-at="2019-10-25T09:11:28Z">
          <reporter-output>
          </reporter-output>
        </test-method> <!-- launchDriver -->
        <test-method status="PASS" signature="beforeTestMethod()[pri:0, instance:com.driver.PinterestTestCase@2f490758]" name="beforeTestMethod" is-config="true" duration-ms="2" started-at="2019-10-25T09:11:28Z" finished-at="2019-10-25T09:11:28Z">
          <reporter-output>
          </reporter-output>
        </test-method> <!-- beforeTestMethod -->
        <test-method status="PASS" signature="driverMethod(java.lang.String, java.lang.String, java.lang.String, java.lang.String)[pri:0, instance:com.driver.PinterestTestCase@2f490758]" name="driverMethod" duration-ms="3069" started-at="2019-10-25T09:11:28Z" data-provider="driverMethodData" finished-at="2019-10-25T09:11:31Z">
          <params>
            <param index="0">
              <value>
                <![CDATA[OpenWebsite]]>
              </value>
            </param>
            <param index="1">
              <value>
                <![CDATA[]]>
              </value>
            </param>
            <param index="2">
              <value>
                <![CDATA[https://www.pinterest.com]]>
              </value>
            </param>
            <param index="3">
              <value>
                <![CDATA[Open Pinterest website]]>
              </value>
            </param>
          </params>
          <reporter-output>
          </reporter-output>
        </test-method> <!-- driverMethod -->
        <test-method status="PASS" signature="driverMethod(java.lang.String, java.lang.String, java.lang.String, java.lang.String)[pri:0, instance:com.driver.PinterestTestCase@2f490758]" name="driverMethod" duration-ms="236" started-at="2019-10-25T09:11:31Z" data-provider="driverMethodData" finished-at="2019-10-25T09:11:32Z">
          <params>
            <param index="0">
              <value>
                <![CDATA[EnterText]]>
              </value>
            </param>
            <param index="1">
              <value>
                <![CDATA[//input[@name='id']]]>
              </value>
            </param>
            <param index="2">
              <value>
                <![CDATA[helloworld@gmail.com]]>
              </value>
            </param>
            <param index="3">
              <value>
                <![CDATA[Enter [helloword] in UserName]]>
              </value>
            </param>
          </params>
          <reporter-output>
          </reporter-output>
        </test-method> <!-- driverMethod -->
        <test-method status="PASS" signature="driverMethod(java.lang.String, java.lang.String, java.lang.String, java.lang.String)[pri:0, instance:com.driver.PinterestTestCase@2f490758]" name="driverMethod" duration-ms="104" started-at="2019-10-25T09:11:32Z" data-provider="driverMethodData" finished-at="2019-10-25T09:11:32Z">
          <params>
            <param index="0">
              <value>
                <![CDATA[EnterText]]>
              </value>
            </param>
            <param index="1">
              <value>
                <![CDATA[//input[@name='password']]]>
              </value>
            </param>
            <param index="2">
              <value>
                <![CDATA[abcd1234]]>
              </value>
            </param>
            <param index="3">
              <value>
                <![CDATA[Enter [abcd1234] in password]]>
              </value>
            </param>
          </params>
          <reporter-output>
          </reporter-output>
        </test-method> <!-- driverMethod -->
        <test-method status="PASS" signature="closeTest()[pri:0, instance:com.driver.PinterestTestCase@2f490758]" name="closeTest" is-config="true" duration-ms="23" started-at="2019-10-25T09:11:32Z" finished-at="2019-10-25T09:11:32Z">
          <reporter-output>
          </reporter-output>
        </test-method> <!-- closeTest -->
        <test-method status="PASS" signature="closeBrowser()[pri:0, instance:com.driver.PinterestTestCase@2f490758]" name="closeBrowser" is-config="true" duration-ms="1335" started-at="2019-10-25T09:11:32Z" finished-at="2019-10-25T09:11:33Z">
          <reporter-output>
          </reporter-output>
        </test-method> <!-- closeBrowser -->
      </class> <!-- com.driver.PinterestTestCase -->
    </test> <!-- My Test -->
  </suite> <!-- My Dynamic TestSuite -->
</testng-results>
