<?xml version="1.0" encoding="UTF-8"?>
<!-- Generated by org.testng.reporters.JUnitXMLReporter -->
<testsuite hostname="YP1006992DT" name="My Test" tests="3" failures="0" timestamp="25 Oct 2019 03:41:32 GMT" time="3.451" errors="0">
  <testcase name="driverMethod" time="3.069" classname="com.driver.PinterestTestCase"/>
  <testcase name="driverMethod" time="0.236" classname="com.driver.PinterestTestCase"/>
  <testcase name="driverMethod" time="0.104" classname="com.driver.PinterestTestCase"/>
</testsuite> <!-- My Test -->
